Content-Type: text/plain; charset="utf-8"
MIME-Version: 1.0
Content-Transfer-Encoding: quoted-printable
Subject: Password reset on localhost:8000
From: webmaster@localhost
To: test@test.com
Date: Wed, 21 Jul 2010 02:33:25 -0000
Message-ID: <20100721023325.9908.84069@Subsea-wenbert.delrosario>


You're receiving this e-mail because you requested a password reset
for your user account at localhost:8000.

Please go to the following page and choose a new password:

http://http://localhost:8000/accounts/password/reset/confirm/b-2ow-06f40680=
5cfde920c044/

Your username, in case you've forgotten: test2

Thanks for using our site!

The localhost:8000 team



-------------------------------------------------------------------------------
Content-Type: text/plain; charset="utf-8"
MIME-Version: 1.0
Content-Transfer-Encoding: quoted-printable
Subject: Password reset on localhost:8000
From: webmaster@localhost
To: test@test.com
Date: Wed, 21 Jul 2010 02:33:25 -0000
Message-ID: <20100721023325.9908.11391@Subsea-wenbert.delrosario>


You're receiving this e-mail because you requested a password reset
for your user account at localhost:8000.

Please go to the following page and choose a new password:

http://http://localhost:8000/accounts/password/reset/confirm/p-2ow-07f5dc5e=
d77b8cf6d90f/

Your username, in case you've forgotten: testddfsdaf

Thanks for using our site!

The localhost:8000 team



-------------------------------------------------------------------------------
Content-Type: text/plain; charset="utf-8"
MIME-Version: 1.0
Content-Transfer-Encoding: quoted-printable
Subject: Password reset on localhost:8000
From: webmaster@localhost
To: test@test.com
Date: Wed, 21 Jul 2010 02:33:25 -0000
Message-ID: <20100721023325.9908.2778@Subsea-wenbert.delrosario>


You're receiving this e-mail because you requested a password reset
for your user account at localhost:8000.

Please go to the following page and choose a new password:

http://http://localhost:8000/accounts/password/reset/confirm/a-2ow-5e7ce951=
6f413a04ceb5/

Your username, in case you've forgotten: test

Thanks for using our site!

The localhost:8000 team



-------------------------------------------------------------------------------
