Content-Type: text/plain; charset="utf-8"
MIME-Version: 1.0
Content-Transfer-Encoding: quoted-printable
Subject: Password reset on localhost:8000
From: webmaster@localhost
To: test@test.com
Date: Tue, 20 Jul 2010 18:22:52 -0000
Message-ID: <20100720182252.7820.30325@Subsea-wenbert.delrosario>


You're receiving this e-mail because you requested a password reset
for your user account at localhost:8000.

Please go to the following page and choose a new password:

http://http://localhost:8000/accounts/password/reset/confirm/b-2ow-06f40680=
5cfde920c044/

Your username, in case you've forgotten: test2

Thanks for using our site!

The localhost:8000 team



-------------------------------------------------------------------------------
Content-Type: text/plain; charset="utf-8"
MIME-Version: 1.0
Content-Transfer-Encoding: quoted-printable
Subject: Password reset on localhost:8000
From: webmaster@localhost
To: test@test.com
Date: Tue, 20 Jul 2010 18:22:52 -0000
Message-ID: <20100720182252.7820.51142@Subsea-wenbert.delrosario>


You're receiving this e-mail because you requested a password reset
for your user account at localhost:8000.

Please go to the following page and choose a new password:

http://http://localhost:8000/accounts/password/reset/confirm/o-2ow-5e425c3a=
472eab397ff6/

Your username, in case you've forgotten: testsdd

Thanks for using our site!

The localhost:8000 team



-------------------------------------------------------------------------------
